
> @x402/facilitator@0.1.0 build /Users/rizqos/SDK/packages/facilitator
> tsup

CLI Building entry: src/index.ts
CLI Using tsconfig: tsconfig.json
CLI tsup v8.5.1
CLI Using tsup config: /Users/rizqos/SDK/packages/facilitator/tsup.config.ts
CLI Target: es2022
CLI Cleaning output folder
ESM Build start
CJS Build start
ESM dist/index.js     10.64 KB
ESM dist/index.js.map 24.34 KB
ESM ⚡️ Build success in 11ms
CJS dist/index.cjs     11.99 KB
CJS dist/index.cjs.map 24.40 KB
CJS ⚡️ Build success in 11ms
DTS Build start
DTS ⚡️ Build success in 652ms
DTS dist/index.d.ts  4.85 KB
DTS dist/index.d.cts 4.85 KB
