
> @x402/react@0.1.0 build /Users/rizqos/SDK/packages/react
> tsup

CLI Building entry: src/index.ts
CLI Using tsconfig: tsconfig.json
CLI tsup v8.5.1
CLI Using tsup config: /Users/rizqos/SDK/packages/react/tsup.config.ts
CLI Target: es2022
CLI Cleaning output folder
ESM Build start
CJS Build start
CJS dist/index.cjs     31.02 KB
CJS dist/index.cjs.map 75.32 KB
CJS ⚡️ Build success in 125ms
ESM dist/index.js     29.95 KB
ESM dist/index.js.map 74.88 KB
ESM ⚡️ Build success in 125ms
DTS Build start
DTS ⚡️ Build success in 1418ms
DTS dist/index.d.ts  14.62 KB
DTS dist/index.d.cts 14.62 KB
