
> @x402/nextjs@0.1.0 build /Users/rizqos/SDK/packages/nextjs
> tsup

CLI Building entry: src/index.ts
CLI Using tsconfig: tsconfig.json
CLI tsup v8.5.1
CLI Using tsup config: /Users/rizqos/SDK/packages/nextjs/tsup.config.ts
CLI Target: es2022
CLI Cleaning output folder
ESM Build start
CJS Build start
ESM dist/index.js     7.83 KB
ESM dist/index.js.map 26.57 KB
ESM ⚡️ Build success in 43ms
CJS dist/index.cjs     8.01 KB
CJS dist/index.cjs.map 26.63 KB
CJS ⚡️ Build success in 43ms
DTS Build start
DTS ⚡️ Build success in 891ms
DTS dist/index.d.ts  10.51 KB
DTS dist/index.d.cts 10.51 KB
